<?xml version="1.0" encoding="UTF-8" ?>
<testsuites>
  <testsuite errors="0" failures="0" hostname="plasante-PC" id="0" name="TaskServiceTests" package="tekdays" tests="1" time="0.285" timestamp="2014-01-11T16:56:27">
      <properties />

      <testcase classname="tekdays.TaskServiceTests" name="testAddDefaultTasks" time="0.284" />

      <system-out><![CDATA[--Output from testAddDefaultTasks--
]]></system-out>

      <system-err><![CDATA[--Output from testAddDefaultTasks--
]]></system-err>

  </testsuite>
  <testsuite errors="0" failures="0" hostname="plasante-PC" id="1" name="MessageControllerTests" package="tekdays" tests="8" time="4.008" timestamp="2014-01-11T16:56:09">
      <properties />

      <testcase classname="tekdays.MessageControllerTests" name="testIndex" time="2.157" />

      <testcase classname="tekdays.MessageControllerTests" name="testList" time="0.723" />

      <testcase classname="tekdays.MessageControllerTests" name="testCreate" time="0.175" />

      <testcase classname="tekdays.MessageControllerTests" name="testSave" time="0.425" />

      <testcase classname="tekdays.MessageControllerTests" name="testShow" time="0.155" />

      <testcase classname="tekdays.MessageControllerTests" name="testEdit" time="0.083" />

      <testcase classname="tekdays.MessageControllerTests" name="testUpdate" time="0.105" />

      <testcase classname="tekdays.MessageControllerTests" name="testDelete" time="0.089" />

      <system-out><![CDATA[--Output from testIndex--
--Output from testList--
--Output from testCreate--
--Output from testSave--
--Output from testShow--
--Output from testEdit--
--Output from testUpdate--
--Output from testDelete--
]]></system-out>

      <system-err><![CDATA[--Output from testIndex--
--Output from testList--
--Output from testCreate--
--Output from testSave--
--Output from testShow--
--Output from testEdit--
--Output from testUpdate--
--Output from testDelete--
]]></system-err>

  </testsuite>
  <testsuite errors="0" failures="0" hostname="plasante-PC" id="2" name="MessageTests" package="tekdays" tests="1" time="0.17" timestamp="2014-01-11T16:56:13">
      <properties />

      <testcase classname="tekdays.MessageTests" name="testSomething" time="0.062" />

      <system-out><![CDATA[--Output from testSomething--
]]></system-out>

      <system-err><![CDATA[--Output from testSomething--
]]></system-err>

  </testsuite>
  <testsuite errors="0" failures="0" hostname="plasante-PC" id="3" name="SponsorControllerTests" package="tekdays" tests="8" time="0.945" timestamp="2014-01-11T16:56:13">
      <properties />

      <testcase classname="tekdays.SponsorControllerTests" name="testIndex" time="0.273" />

      <testcase classname="tekdays.SponsorControllerTests" name="testList" time="0.068" />

      <testcase classname="tekdays.SponsorControllerTests" name="testCreate" time="0.069" />

      <testcase classname="tekdays.SponsorControllerTests" name="testSave" time="0.11" />

      <testcase classname="tekdays.SponsorControllerTests" name="testShow" time="0.065" />

      <testcase classname="tekdays.SponsorControllerTests" name="testEdit" time="0.068" />

      <testcase classname="tekdays.SponsorControllerTests" name="testUpdate" time="0.081" />

      <testcase classname="tekdays.SponsorControllerTests" name="testDelete" time="0.089" />

      <system-out><![CDATA[--Output from testIndex--
--Output from testList--
--Output from testCreate--
--Output from testSave--
--Output from testShow--
--Output from testEdit--
--Output from testUpdate--
--Output from testDelete--
]]></system-out>

      <system-err><![CDATA[--Output from testIndex--
--Output from testList--
--Output from testCreate--
--Output from testSave--
--Output from testShow--
--Output from testEdit--
--Output from testUpdate--
--Output from testDelete--
]]></system-err>

  </testsuite>
  <testsuite errors="0" failures="0" hostname="plasante-PC" id="4" name="SponsorTests" package="tekdays" tests="1" time="0.146" timestamp="2014-01-11T16:56:15">
      <properties />

      <testcase classname="tekdays.SponsorTests" name="testSomething" time="0.048" />

      <system-out><![CDATA[--Output from testSomething--
]]></system-out>

      <system-err><![CDATA[--Output from testSomething--
]]></system-err>

  </testsuite>
  <testsuite errors="0" failures="0" hostname="plasante-PC" id="5" name="SponsorshipControllerTests" package="tekdays" tests="8" time="0.99" timestamp="2014-01-11T16:56:14">
      <properties />

      <testcase classname="tekdays.SponsorshipControllerTests" name="testIndex" time="0.271" />

      <testcase classname="tekdays.SponsorshipControllerTests" name="testList" time="0.081" />

      <testcase classname="tekdays.SponsorshipControllerTests" name="testCreate" time="0.085" />

      <testcase classname="tekdays.SponsorshipControllerTests" name="testSave" time="0.11" />

      <testcase classname="tekdays.SponsorshipControllerTests" name="testShow" time="0.085" />

      <testcase classname="tekdays.SponsorshipControllerTests" name="testEdit" time="0.084" />

      <testcase classname="tekdays.SponsorshipControllerTests" name="testUpdate" time="0.067" />

      <testcase classname="tekdays.SponsorshipControllerTests" name="testDelete" time="0.081" />

      <system-out><![CDATA[--Output from testIndex--
--Output from testList--
--Output from testCreate--
--Output from testSave--
--Output from testShow--
--Output from testEdit--
--Output from testUpdate--
--Output from testDelete--
]]></system-out>

      <system-err><![CDATA[--Output from testIndex--
--Output from testList--
--Output from testCreate--
--Output from testSave--
--Output from testShow--
--Output from testEdit--
--Output from testUpdate--
--Output from testDelete--
]]></system-err>

  </testsuite>
  <testsuite errors="0" failures="0" hostname="plasante-PC" id="6" name="SponsorshipTests" package="tekdays" tests="1" time="0.112" timestamp="2014-01-11T16:56:15">
      <properties />

      <testcase classname="tekdays.SponsorshipTests" name="testSomething" time="0.051" />

      <system-out><![CDATA[--Output from testSomething--
]]></system-out>

      <system-err><![CDATA[--Output from testSomething--
]]></system-err>

  </testsuite>
  <testsuite errors="0" failures="0" hostname="plasante-PC" id="7" name="TaskControllerTests" package="tekdays" tests="8" time="1.314" timestamp="2014-01-11T16:56:15">
      <properties />

      <testcase classname="tekdays.TaskControllerTests" name="testIndex" time="0.257" />

      <testcase classname="tekdays.TaskControllerTests" name="testList" time="0.044" />

      <testcase classname="tekdays.TaskControllerTests" name="testCreate" time="0.063" />

      <testcase classname="tekdays.TaskControllerTests" name="testSave" time="0.059" />

      <testcase classname="tekdays.TaskControllerTests" name="testShow" time="0.044" />

      <testcase classname="tekdays.TaskControllerTests" name="testEdit" time="0.049" />

      <testcase classname="tekdays.TaskControllerTests" name="testUpdate" time="0.05" />

      <testcase classname="tekdays.TaskControllerTests" name="testDelete" time="0.673" />

      <system-out><![CDATA[--Output from testIndex--
--Output from testList--
--Output from testCreate--
--Output from testSave--
--Output from testShow--
--Output from testEdit--
--Output from testUpdate--
--Output from testDelete--
]]></system-out>

      <system-err><![CDATA[--Output from testIndex--
--Output from testList--
--Output from testCreate--
--Output from testSave--
--Output from testShow--
--Output from testEdit--
--Output from testUpdate--
--Output from testDelete--
]]></system-err>

  </testsuite>
  <testsuite errors="0" failures="0" hostname="plasante-PC" id="8" name="TaskTests" package="tekdays" tests="1" time="0.143" timestamp="2014-01-11T16:56:16">
      <properties />

      <testcase classname="tekdays.TaskTests" name="testSomething" time="0.052" />

      <system-out><![CDATA[--Output from testSomething--
]]></system-out>

      <system-err><![CDATA[--Output from testSomething--
]]></system-err>

  </testsuite>
  <testsuite errors="0" failures="0" hostname="plasante-PC" id="9" name="TekEventControllerTests" package="tekdays" tests="8" time="0.742" timestamp="2014-01-11T16:56:16">
      <properties />

      <testcase classname="tekdays.TekEventControllerTests" name="testIndex" time="0.222" />

      <testcase classname="tekdays.TekEventControllerTests" name="testList" time="0.052" />

      <testcase classname="tekdays.TekEventControllerTests" name="testCreate" time="0.053" />

      <testcase classname="tekdays.TekEventControllerTests" name="testSave" time="0.05" />

      <testcase classname="tekdays.TekEventControllerTests" name="testShow" time="0.062" />

      <testcase classname="tekdays.TekEventControllerTests" name="testEdit" time="0.065" />

      <testcase classname="tekdays.TekEventControllerTests" name="testUpdate" time="0.072" />

      <testcase classname="tekdays.TekEventControllerTests" name="testDelete" time="0.069" />

      <system-out><![CDATA[--Output from testIndex--
--Output from testList--
--Output from testCreate--
--Output from testSave--
--Output from testShow--
--Output from testEdit--
--Output from testUpdate--
--Output from testDelete--
]]></system-out>

      <system-err><![CDATA[--Output from testIndex--
--Output from testList--
--Output from testCreate--
--Output from testSave--
--Output from testShow--
--Output from testEdit--
--Output from testUpdate--
--Output from testDelete--
]]></system-err>

  </testsuite>
  <testsuite errors="0" failures="0" hostname="plasante-PC" id="10" name="TekEventTests" package="tekdays" tests="1" time="0.256" timestamp="2014-01-11T16:56:17">
      <properties />

      <testcase classname="tekdays.TekEventTests" name="testToString" time="0.094" />

      <system-out><![CDATA[--Output from testToString--
]]></system-out>

      <system-err><![CDATA[--Output from testToString--
]]></system-err>

  </testsuite>
  <testsuite errors="0" failures="0" hostname="plasante-PC" id="11" name="TekUserControllerTests" package="tekdays" tests="8" time="0.824" timestamp="2014-01-11T16:56:17">
      <properties />

      <testcase classname="tekdays.TekUserControllerTests" name="testIndex" time="0.302" />

      <testcase classname="tekdays.TekUserControllerTests" name="testList" time="0.05" />

      <testcase classname="tekdays.TekUserControllerTests" name="testCreate" time="0.057" />

      <testcase classname="tekdays.TekUserControllerTests" name="testSave" time="0.079" />

      <testcase classname="tekdays.TekUserControllerTests" name="testShow" time="0.052" />

      <testcase classname="tekdays.TekUserControllerTests" name="testEdit" time="0.052" />

      <testcase classname="tekdays.TekUserControllerTests" name="testUpdate" time="0.072" />

      <testcase classname="tekdays.TekUserControllerTests" name="testDelete" time="0.056" />

      <system-out><![CDATA[--Output from testIndex--
--Output from testList--
--Output from testCreate--
--Output from testSave--
--Output from testShow--
--Output from testEdit--
--Output from testUpdate--
--Output from testDelete--
]]></system-out>

      <system-err><![CDATA[--Output from testIndex--
--Output from testList--
--Output from testCreate--
--Output from testSave--
--Output from testShow--
--Output from testEdit--
--Output from testUpdate--
--Output from testDelete--
]]></system-err>

  </testsuite>
  <testsuite errors="0" failures="0" hostname="plasante-PC" id="12" name="TekUserTests" package="tekdays" tests="1" time="0.044" timestamp="2014-01-11T16:56:18">
      <properties />

      <testcase classname="tekdays.TekUserTests" name="testSomething" time="0.042" />

      <system-out><![CDATA[--Output from testSomething--
]]></system-out>

      <system-err><![CDATA[--Output from testSomething--
]]></system-err>

  </testsuite>
</testsuites>
