<?xml version="1.0" encoding="UTF-8" ?>
<testsuites>
  <testsuite errors="0" failures="0" hostname="plasante-PC" id="0" name="TekEventControllerTests" package="tekdays" tests="1" time="1.762" timestamp="2013-12-27T14:59:24">
      <properties />

      <testcase classname="tekdays.TekEventControllerTests" name="testSomething" time="1.436" />

      <system-out><![CDATA[--Output from testSomething--
]]></system-out>

      <system-err><![CDATA[--Output from testSomething--
]]></system-err>

  </testsuite>
  <testsuite errors="0" failures="0" hostname="plasante-PC" id="1" name="TekEventTests" package="tekdays" tests="1" time="0.535" timestamp="2013-12-27T14:59:26">
      <properties />

      <testcase classname="tekdays.TekEventTests" name="testToStrind" time="0.53" />

      <system-out><![CDATA[--Output from testToStrind--
]]></system-out>

      <system-err><![CDATA[--Output from testToStrind--
]]></system-err>

  </testsuite>
</testsuites>
